2025-06-30 01:11:48,865 - DEBUG - Input data: {"motorik_score": 3, "bahasa_score": 1.6666666666666667, "kognitif_score": 3, "usia": "19"}
2025-06-30 01:11:50,126 - DEBUG - matplotlib data path: C:\Users\riski\AppData\Local\Programs\Python\Python312\Lib\site-packages\matplotlib\mpl-data
2025-06-30 01:11:50,131 - DEBUG - CONFIGDIR=C:\Users\riski\.matplotlib
2025-06-30 01:11:50,134 - DEBUG - interactive is False
2025-06-30 01:11:50,134 - DEBUG - platform is win32
2025-06-30 01:11:50,231 - DEBUG - CACHEDIR=C:\Users\riski\.matplotlib
2025-06-30 01:11:50,236 - DEBUG - Using fontManager instance from C:\Users\riski\.matplotlib\fontlist-v390.json
2025-06-30 01:12:27,478 - DEBUG - Input data: {"motorik_score": 3, "bahasa_score": 1.6666666666666667, "kognitif_score": 3, "usia": "19"}
2025-06-30 01:12:28,338 - DEBUG - matplotlib data path: C:\Users\riski\AppData\Local\Programs\Python\Python312\Lib\site-packages\matplotlib\mpl-data
2025-06-30 01:12:28,344 - DEBUG - CONFIGDIR=C:\Users\riski\.matplotlib
2025-06-30 01:12:28,346 - DEBUG - interactive is False
2025-06-30 01:12:28,346 - DEBUG - platform is win32
2025-06-30 01:12:28,424 - DEBUG - CACHEDIR=C:\Users\riski\.matplotlib
2025-06-30 01:12:28,428 - DEBUG - Using fontManager instance from C:\Users\riski\.matplotlib\fontlist-v390.json
2025-06-30 01:14:18,188 - DEBUG - Input data: {"motorik_score": 3, "bahasa_score": 1.6666666666666667, "kognitif_score": 3, "usia": "19"}
2025-06-30 01:14:19,024 - DEBUG - matplotlib data path: C:\Users\riski\AppData\Local\Programs\Python\Python312\Lib\site-packages\matplotlib\mpl-data
2025-06-30 01:14:19,028 - DEBUG - CONFIGDIR=C:\Users\riski\.matplotlib
2025-06-30 01:14:19,029 - DEBUG - interactive is False
2025-06-30 01:14:19,029 - DEBUG - platform is win32
2025-06-30 01:14:19,095 - DEBUG - CACHEDIR=C:\Users\riski\.matplotlib
2025-06-30 01:14:19,098 - DEBUG - Using fontManager instance from C:\Users\riski\.matplotlib\fontlist-v390.json
