2025-06-25 17:23:14,406 - DEBUG - Raw stdin input: {"motorik_score":3.5,"bahasa_score":1.6666666666666667,"kognitif_score":3,"usia":"18"}
2025-06-25 17:23:14,406 - DEBUG - Raw input data: {'motorik_score': 3.5, 'bahasa_score': 1.6666666666666667, 'kognitif_score': 3, 'usia': '18'}
2025-06-25 17:23:14,420 - DEBUG - Model type: <class 'sklearn.tree._classes.DecisionTreeClassifier'>
2025-06-25 17:23:14,420 - DEBUG - Scaler type: <class 'sklearn.preprocessing._data.StandardScaler'>
2025-06-25 17:23:14,420 - DEBUG - Metadata loaded successfully
2025-06-25 17:23:14,420 - DEBUG - Optimal threshold from metadata: 0.4
2025-06-25 17:23:14,420 - DEBUG - Input data: motorik=3.5, bahasa=1.6666666666666667, kognitif=3.0, usia=18.0
2025-06-25 17:23:14,420 - DEBUG - Critical evaluation: {'critical_areas': ['bahasa'], 'concern_areas': ['bahasa'], 'concern_level': 'Sedang', 'needs_immediate_attention': True}
2025-06-25 17:23:14,420 - DEBUG - Features before scaling: [[18.          3.5         1.66666667  3.          3.5         1.66666667
   3.          3.5         3.        ]]
2025-06-25 17:23:14,420 - DEBUG - Features after scaling: [[ 9.05532915  0.8972726  -0.74284113  0.45711418  0.88670883 -0.74580798
   0.44631116  0.89172828  0.44693429]]
2025-06-25 17:23:14,420 - DEBUG - Prediction probabilities: [0. 1.]
2025-06-25 17:23:14,420 - DEBUG - Prediction score for 'Terlambat': 1.0
2025-06-25 17:23:14,420 - DEBUG - Using threshold: 0.4
2025-06-25 17:23:14,420 - DEBUG - ML Prediction: Terlambat
2025-06-25 17:23:14,420 - DEBUG - Critical Override: True
2025-06-25 17:23:14,420 - DEBUG - Override Reason: ['Skor numerik rendah (<60): motorik=87.5, bahasa=41.7, kognitif=75.0']
2025-06-25 17:23:14,420 - DEBUG - Final Prediction: Terlambat
2025-06-25 17:23:14,420 - DEBUG - Recommendations: {'bahasa': ['Bacakan buku cerita setiap hari dan diskusikan isinya', 'Ajak anak berbicara dan dengarkan dengan penuh perhatian', 'Perkenalkan koskata baru melalui permainan kata', 'Gunakan lagu dan musik untuk mengembangkan kemampuan bahasa'], 'umum': ['Konsultasikan dengan dokter anak atau psikolog anak untuk evaluasi lebih lanjut', 'Pertimbangkan untuk mengikuti program stimulasi terpadu', 'Pastikan asupan gizi anak terpenuhi dengan baik', 'Berikan waktu istirahat dan tidur yang cukup']}
2025-06-25 17:24:14,694 - DEBUG - Raw stdin input: {"motorik_score":3.5,"bahasa_score":1.6666666666666667,"kognitif_score":3,"usia":"18"}
2025-06-25 17:24:14,694 - DEBUG - Raw input data: {'motorik_score': 3.5, 'bahasa_score': 1.6666666666666667, 'kognitif_score': 3, 'usia': '18'}
2025-06-25 17:24:14,712 - DEBUG - Model type: <class 'sklearn.tree._classes.DecisionTreeClassifier'>
2025-06-25 17:24:14,712 - DEBUG - Scaler type: <class 'sklearn.preprocessing._data.StandardScaler'>
2025-06-25 17:24:14,712 - DEBUG - Metadata loaded successfully
2025-06-25 17:24:14,712 - DEBUG - Optimal threshold from metadata: 0.4
2025-06-25 17:24:14,712 - DEBUG - Input data: motorik=3.5, bahasa=1.6666666666666667, kognitif=3.0, usia=18.0
2025-06-25 17:24:14,712 - DEBUG - Critical evaluation: {'critical_areas': ['bahasa'], 'concern_areas': ['bahasa'], 'concern_level': 'Sedang', 'needs_immediate_attention': True}
2025-06-25 17:24:14,712 - DEBUG - Features before scaling: [[18.          3.5         1.66666667  3.          3.5         1.66666667
   3.          3.5         3.        ]]
2025-06-25 17:24:14,712 - DEBUG - Features after scaling: [[ 9.05532915  0.8972726  -0.74284113  0.45711418  0.88670883 -0.74580798
   0.44631116  0.89172828  0.44693429]]
2025-06-25 17:24:14,712 - DEBUG - Prediction probabilities: [0. 1.]
2025-06-25 17:24:14,712 - DEBUG - Prediction score for 'Terlambat': 1.0
2025-06-25 17:24:14,712 - DEBUG - Using threshold: 0.4
2025-06-25 17:24:14,712 - DEBUG - ML Prediction: Terlambat
2025-06-25 17:24:14,712 - DEBUG - Critical Override: True
2025-06-25 17:24:14,712 - DEBUG - Override Reason: ['Skor numerik rendah (<60): motorik=87.5, bahasa=41.7, kognitif=75.0']
2025-06-25 17:24:14,712 - DEBUG - Final Prediction: Terlambat
2025-06-25 17:24:14,712 - DEBUG - Recommendations: {'bahasa': ['Bacakan buku cerita setiap hari dan diskusikan isinya', 'Ajak anak berbicara dan dengarkan dengan penuh perhatian', 'Perkenalkan koskata baru melalui permainan kata', 'Gunakan lagu dan musik untuk mengembangkan kemampuan bahasa'], 'umum': ['Konsultasikan dengan dokter anak atau psikolog anak untuk evaluasi lebih lanjut', 'Pertimbangkan untuk mengikuti program stimulasi terpadu', 'Pastikan asupan gizi anak terpenuhi dengan baik', 'Berikan waktu istirahat dan tidur yang cukup']}
